<?xml version="1.0" encoding="UTF-8"?>
<!-- Generated by org.testng.reporters.JUnitXMLReporter -->
<testsuite ignored="0" hostname="LTIN116487" failures="0" tests="4" name="Default test" time="38.162" errors="0" timestamp="2022-01-29T12:06:23 IST">
  <testcase classname="com.cognizant.savaari.TestNG_Trigger" name="q1" time="3.559"/>
  <testcase classname="com.cognizant.savaari.TestNG_Trigger" name="q2" time="2.376"/>
  <testcase classname="com.cognizant.savaari.TestNG_Trigger" name="q3" time="0.595"/>
  <testcase classname="com.cognizant.savaari.TestNG_Trigger" name="q4" time="1.67"/>
</testsuite> <!-- Default test -->
