<?xml version="1.0" encoding="UTF-8"?>
<!-- Generated by org.testng.reporters.JUnitXMLReporter -->
<testsuite ignored="0" hostname="LTIN116487" failures="0" tests="4" name="Test" time="52.475" errors="0" timestamp="2022-01-29T12:25:25 IST">
  <testcase classname="com.cognizant.savaari.TestNG_Trigger" name="q1" time="4.238"/>
  <testcase classname="com.cognizant.savaari.TestNG_Trigger" name="q2" time="3.89"/>
  <testcase classname="com.cognizant.savaari.TestNG_Trigger" name="q3" time="0.672"/>
  <testcase classname="com.cognizant.savaari.TestNG_Trigger" name="q4" time="3.591"/>
</testsuite> <!-- Test -->
